<?xml version="1.0" encoding="UTF-8" ?>
<testsuite tests="44" failures="0" name="org.jfree.data.time.TimeSeriesTest" time="0.028" errors="0" skipped="0">
  <properties>
[...]
</properties>
  <testcase classname="org.jfree.data.time.TimeSeriesTest" name="testEquals2" time="0"/>
  <testcase classname="org.jfree.data.time.TimeSeriesTest" name="testEquals3" time="0"/>
  <testcase classname="org.jfree.data.time.TimeSeriesTest" name="testGetIndex" time="0"/>
  <testcase classname="org.jfree.data.time.TimeSeriesTest" name="testGetMaxY2" time="0.001"/>
  <testcase classname="org.jfree.data.time.TimeSeriesTest" name="testGetMinY2" time="0"/>
  <testcase classname="org.jfree.data.time.TimeSeriesTest" name="testGetValue" time="0"/>
  <testcase classname="org.jfree.data.time.TimeSeriesTest" name="testUpdate_RegularTimePeriod" time="0.001"/>
  <testcase classname="org.jfree.data.time.TimeSeriesTest" name="testSerialization" time="0.001"/>
  <testcase classname="org.jfree.data.time.TimeSeriesTest" name="testAdd" time="0"/>
  <testcase classname="org.jfree.data.time.TimeSeriesTest" name="testClear" time="0.001"/>
  <testcase classname="org.jfree.data.time.TimeSeriesTest" name="testClone" time="0"/>
  <testcase classname="org.jfree.data.time.TimeSeriesTest" name="testCreateCopy1" time="0.001"/>
  <testcase classname="org.jfree.data.time.TimeSeriesTest" name="testCreateCopy2" time="0"/>
  <testcase classname="org.jfree.data.time.TimeSeriesTest" name="testCreateCopy3" time="0"/>
  <testcase classname="org.jfree.data.time.TimeSeriesTest" name="testBug3446965" time="0.001"/>
  <testcase classname="org.jfree.data.time.TimeSeriesTest" name="testAddOrUpdate" time="0"/>
  <testcase classname="org.jfree.data.time.TimeSeriesTest" name="testAddValue" time="0.001"/>
  <testcase classname="org.jfree.data.time.TimeSeriesTest" name="testGetMaxY" time="0"/>
  <testcase classname="org.jfree.data.time.TimeSeriesTest" name="testGetMinY" time="0"/>
  <testcase classname="org.jfree.data.time.TimeSeriesTest" name="testFindValueRange" time="0.001"/>
  <testcase classname="org.jfree.data.time.TimeSeriesTest" name="testFindValueRange2" time="0"/>
  <testcase classname="org.jfree.data.time.TimeSeriesTest" name="testRemoveAgedItems" time="0"/>
  <testcase classname="org.jfree.data.time.TimeSeriesTest" name="testSetMaximumItemCount" time="0"/>
  <testcase classname="org.jfree.data.time.TimeSeriesTest" name="testAdd_TimeSeriesDataItem" time="0"/>
  <testcase classname="org.jfree.data.time.TimeSeriesTest" name="testAddOrUpdate2" time="0"/>
  <testcase classname="org.jfree.data.time.TimeSeriesTest" name="testAddOrUpdate3" time="0.014"/>
  <testcase classname="org.jfree.data.time.TimeSeriesTest" name="testAddOrUpdate4" time="0.001"/>
  <testcase classname="org.jfree.data.time.TimeSeriesTest" name="testDelete_RegularTimePeriod" time="0"/>
  <testcase classname="org.jfree.data.time.TimeSeriesTest" name="testGetDataItem1" time="0.001"/>
  <testcase classname="org.jfree.data.time.TimeSeriesTest" name="testGetDataItem2" time="0"/>
  <testcase classname="org.jfree.data.time.TimeSeriesTest" name="testHashCode" time="0"/>
  <testcase classname="org.jfree.data.time.TimeSeriesTest" name="testDelete2" time="0.001"/>
  <testcase classname="org.jfree.data.time.TimeSeriesTest" name="testDelete3" time="0"/>
  <testcase classname="org.jfree.data.time.TimeSeriesTest" name="testClone2" time="0"/>
  <testcase classname="org.jfree.data.time.TimeSeriesTest" name="testDelete" time="0"/>
  <testcase classname="org.jfree.data.time.TimeSeriesTest" name="testEquals" time="0.001"/>
  <testcase classname="org.jfree.data.time.TimeSeriesTest" name="testBug1075255" time="0.001"/>
  <testcase classname="org.jfree.data.time.TimeSeriesTest" name="testRemoveAgedItems2" time="0"/>
  <testcase classname="org.jfree.data.time.TimeSeriesTest" name="testRemoveAgedItems3" time="0"/>
  <testcase classname="org.jfree.data.time.TimeSeriesTest" name="testRemoveAgedItems4" time="0"/>
  <testcase classname="org.jfree.data.time.TimeSeriesTest" name="testRemoveAgedItems5" time="0"/>
  <testcase classname="org.jfree.data.time.TimeSeriesTest" name="testSetKey" time="0.001"/>
  <testcase classname="org.jfree.data.time.TimeSeriesTest" name="testBug1832432" time="0"/>
  <testcase classname="org.jfree.data.time.TimeSeriesTest" name="testBug1864222" time="0"/>
</testsuite>