<?xml version="1.0" encoding="UTF-8" ?>
<testsuite tests="31" failures="0" name="org.jfree.chart.axis.SegmentedTimelineTest" time="2.03" errors="0" skipped="0">
  <properties>
[...]
</properties>
  <testcase classname="org.jfree.chart.axis.SegmentedTimelineTest" name="testMondayThroughFridayIncludedAndExcludedSegments" time="0.001"/>
  <testcase classname="org.jfree.chart.axis.SegmentedTimelineTest" name="testMondayThroughFridayInc" time="0.105"/>
  <testcase classname="org.jfree.chart.axis.SegmentedTimelineTest" name="testMs2Segment" time="0.001"/>
  <testcase classname="org.jfree.chart.axis.SegmentedTimelineTest" name="testMs2IncludedAndExcludedSegments" time="0"/>
  <testcase classname="org.jfree.chart.axis.SegmentedTimelineTest" name="testMs2BaseTimelineTranslations" time="0.034"/>
  <testcase classname="org.jfree.chart.axis.SegmentedTimelineTest" name="testMsExceptionSegments" time="0.001"/>
  <testcase classname="org.jfree.chart.axis.SegmentedTimelineTest" name="testMsSegmentedTimeline" time="0"/>
  <testcase classname="org.jfree.chart.axis.SegmentedTimelineTest" name="testSerialization" time="0.005"/>
  <testcase classname="org.jfree.chart.axis.SegmentedTimelineTest" name="testMsInc" time="0.019"/>
  <testcase classname="org.jfree.chart.axis.SegmentedTimelineTest" name="testMsTranslations" time="0.031"/>
  <testcase classname="org.jfree.chart.axis.SegmentedTimelineTest" name="testMsSegment" time="0"/>
  <testcase classname="org.jfree.chart.axis.SegmentedTimelineTest" name="testMsIncludedAndExcludedSegments" time="0.001"/>
  <testcase classname="org.jfree.chart.axis.SegmentedTimelineTest" name="testBasicSegmentedTimeline" time="0"/>
  <testcase classname="org.jfree.chart.axis.SegmentedTimelineTest" name="testFifteenMinIncludedAndExcludedSegments" time="0"/>
  <testcase classname="org.jfree.chart.axis.SegmentedTimelineTest" name="testMs2Translations" time="1.121"/>
  <testcase classname="org.jfree.chart.axis.SegmentedTimelineTest" name="testSegmentedTimelineWithException1" time="0"/>
  <testcase classname="org.jfree.chart.axis.SegmentedTimelineTest" name="testFifteenMinExceptionSegments" time="0.002"/>
  <testcase classname="org.jfree.chart.axis.SegmentedTimelineTest" name="testCloning" time="0"/>
  <testcase classname="org.jfree.chart.axis.SegmentedTimelineTest" name="testFifteenMinSegmentedTimeline" time="0"/>
  <testcase classname="org.jfree.chart.axis.SegmentedTimelineTest" name="testMondayThroughFridaySegment" time="0.028"/>
  <testcase classname="org.jfree.chart.axis.SegmentedTimelineTest" name="testFifteenMinSegment" time="0.001"/>
  <testcase classname="org.jfree.chart.axis.SegmentedTimelineTest" name="testHashCode" time="0"/>
  <testcase classname="org.jfree.chart.axis.SegmentedTimelineTest" name="testMondayThroughFridaySegmentedTimeline" time="0"/>
  <testcase classname="org.jfree.chart.axis.SegmentedTimelineTest" name="testMs2SegmentedTimeline" time="0.001"/>
  <testcase classname="org.jfree.chart.axis.SegmentedTimelineTest" name="testEquals" time="0"/>
  <testcase classname="org.jfree.chart.axis.SegmentedTimelineTest" name="testMs2Inc" time="0.004"/>
  <testcase classname="org.jfree.chart.axis.SegmentedTimelineTest" name="testSerialization2" time="0.001"/>
  <testcase classname="org.jfree.chart.axis.SegmentedTimelineTest" name="testMs2BaseTimelineExceptionSegments" time="0"/>
  <testcase classname="org.jfree.chart.axis.SegmentedTimelineTest" name="testMondayThoughFridayExceptionSegments" time="0"/>
  <testcase classname="org.jfree.chart.axis.SegmentedTimelineTest" name="testFifteenMinInc" time="0.005"/>
  <testcase classname="org.jfree.chart.axis.SegmentedTimelineTest" name="testFifteenMinTranslations" time="0.669"/>
</testsuite>